<?xml version="1.0" encoding="UTF-8"?>
<!-- Generated by org.testng.reporters.JUnitReportReporter -->
<testsuite skipped="0" hostname="user" name="org.testing.TestScripts.TC9_PutEmployeeRequest" tests="1" failures="0" timestamp="2022-05-14T01:42:16 IST" time="1.664" errors="0">
  <testcase name="testcase9" time="1.664" classname="org.testing.TestScripts.TC9_PutEmployeeRequest"/>
  <system-out/>
</testsuite> <!-- org.testing.TestScripts.TC9_PutEmployeeRequest -->
