<?xml version="1.0" encoding="UTF-8"?>
<!-- Generated by org.testng.reporters.JUnitReportReporter -->
<testsuite skipped="0" hostname="LAPTOP-5IST2SUJ" name="org.testing.TestScripts.TC5_DeleteRequest" tests="1" failures="0" timestamp="2022-05-13T12:10:11 IST" time="0.060" errors="0">
  <testcase name="testcase5" time="0.060" classname="org.testing.TestScripts.TC5_DeleteRequest"/>
  <system-out/>
</testsuite> <!-- org.testing.TestScripts.TC5_DeleteRequest -->
