<?xml version="1.0" encoding="UTF-8"?>
<!-- Generated by org.testng.reporters.JUnitReportReporter -->
<testsuite skipped="0" hostname="LAPTOP-5IST2SUJ" name="org.testing.TestScripts.TC1_PostRequest" tests="1" failures="0" timestamp="2022-05-13T14:35:35 IST" time="5.318" errors="0">
  <testcase name="testcase1" time="5.318" classname="org.testing.TestScripts.TC1_PostRequest"/>
  <system-out/>
</testsuite> <!-- org.testing.TestScripts.TC1_PostRequest -->
