<?xml version="1.0" encoding="UTF-8"?>
<!-- Generated by org.testng.reporters.JUnitReportReporter -->
<testsuite skipped="0" hostname="LAPTOP-5IST2SUJ" name="org.testing.TestScripts.TC4_PutRequest" tests="1" failures="0" timestamp="2022-05-13T12:10:11 IST" time="0.045" errors="0">
  <testcase name="testcase4" time="0.045" classname="org.testing.TestScripts.TC4_PutRequest"/>
  <system-out/>
</testsuite> <!-- org.testing.TestScripts.TC4_PutRequest -->
