<?xml version="1.0" encoding="UTF-8"?>
<!-- Generated by org.testng.reporters.JUnitReportReporter -->
<testsuite skipped="0" hostname="LAPTOP-5IST2SUJ" name="org.testing.TestScripts.TC2_GetRequest" tests="1" failures="0" timestamp="2022-05-13T12:10:11 IST" time="0.571" errors="0">
  <testcase name="testcase2" time="0.571" classname="org.testing.TestScripts.TC2_GetRequest"/>
  <system-out/>
</testsuite> <!-- org.testing.TestScripts.TC2_GetRequest -->
