<?xml version="1.0" encoding="UTF-8"?>
<!-- Generated by org.testng.reporters.JUnitReportReporter -->
<testsuite skipped="0" hostname="user" name="org.testing.TestScripts.TC3_GetAllRequest" tests="1" failures="0" timestamp="2022-05-16T17:35:51 IST" time="0.267" errors="0">
  <testcase name="testcase3" time="0.267" classname="org.testing.TestScripts.TC3_GetAllRequest"/>
  <system-out/>
</testsuite> <!-- org.testing.TestScripts.TC3_GetAllRequest -->
