<?xml version="1.0" encoding="UTF-8"?>
<!-- Generated by org.testng.reporters.JUnitReportReporter -->
<testsuite skipped="0" hostname="user" name="org.testing.TestScripts.TC10_DeleteEmployeeRequest" tests="1" failures="0" timestamp="2022-05-14T01:42:16 IST" time="1.587" errors="0">
  <testcase name="testcase10" time="1.587" classname="org.testing.TestScripts.TC10_DeleteEmployeeRequest"/>
  <system-out/>
</testsuite> <!-- org.testing.TestScripts.TC10_DeleteEmployeeRequest -->
