<?xml version="1.0" encoding="UTF-8"?>
<!-- Generated by org.testng.reporters.JUnitReportReporter -->
<testsuite skipped="0" hostname="user" name="org.testing.TestScripts.TC2_GetRequest" tests="1" failures="0" timestamp="2022-05-16T17:35:51 IST" time="1.383" errors="0">
  <testcase name="testcase2" time="1.383" classname="org.testing.TestScripts.TC2_GetRequest"/>
  <system-out/>
</testsuite> <!-- org.testing.TestScripts.TC2_GetRequest -->
