<?xml version="1.0" encoding="UTF-8"?>
<!-- Generated by org.testng.reporters.JUnitReportReporter -->
<testsuite skipped="0" hostname="user" name="org.testing.TestScripts.TC6_PostRequestEmployee" tests="1" failures="0" timestamp="2022-05-14T01:42:16 IST" time="1.865" errors="0">
  <testcase name="testcase6" time="1.865" classname="org.testing.TestScripts.TC6_PostRequestEmployee"/>
  <system-out/>
</testsuite> <!-- org.testing.TestScripts.TC6_PostRequestEmployee -->
