<?xml version="1.0" encoding="UTF-8"?>
<!-- Generated by org.testng.reporters.JUnitReportReporter -->
<testsuite skipped="0" hostname="user" name="org.testing.TestScripts.TC1_PostRequest" tests="1" failures="0" timestamp="2022-05-14T23:31:26 IST" time="2.251" errors="0">
  <testcase name="testcase1" time="2.251" classname="org.testing.TestScripts.TC1_PostRequest"/>
  <system-out/>
</testsuite> <!-- org.testing.TestScripts.TC1_PostRequest -->
