<?xml version="1.0" encoding="UTF-8"?>
<!-- Generated by org.testng.reporters.JUnitReportReporter -->
<testsuite skipped="0" hostname="LAPTOP-5IST2SUJ" name="org.testing.TestScripts.TC9_PutEmployeeRequest" tests="1" failures="0" timestamp="2022-05-13T12:09:19 IST" time="1.179" errors="0">
  <testcase name="testcase9" time="1.179" classname="org.testing.TestScripts.TC9_PutEmployeeRequest"/>
  <system-out/>
</testsuite> <!-- org.testing.TestScripts.TC9_PutEmployeeRequest -->
